2 2 16 1.32465
12 12 2 0.377317
22 22 2 0.528501
32 32 2 0.547292
42 42 2 0.9084
52 52 2 1.00605
62 62 2 1.31544
72 72 2 1.05285
82 82 2 1.36943
92 92 2 1.43359
102 102 2 1.53601
112 112 2 1.68066
122 122 2 1.88834
132 132 2 2.27023
142 142 2 2.4173
152 152 2 2.63007
162 162 2 2.66575
172 172 2 3.52578
182 182 2 4.13955
192 192 2 4.06379
202 202 2 4.63175
212 212 2 5.82356
222 222 2 5.47266
232 232 2 6.56077
242 242 2 8.61495
252 252 2 8.28096
262 262 2 8.95696
272 272 2 11.2199
282 282 2 11.883
292 292 2 12.0685
302 302 2 15.0018
