2 2 16 0.70013
12 12 2 0.134834
22 22 2 0.292927
32 32 2 0.370877
42 42 2 0.774854
52 52 2 0.741496
62 62 2 0.637239
72 72 2 0.837315
82 82 2 1.0017
92 92 2 1.10912
102 102 2 1.2567
112 112 2 1.70989
122 122 2 1.59794
132 132 2 2.54346
142 142 2 2.40583
152 152 2 2.8699
162 162 2 3.34319
172 172 2 3.6488
182 182 2 4.27776
192 192 2 4.77972
202 202 2 5.43117
212 212 2 6.25977
222 222 2 7.02776
232 232 2 8.89039
242 242 2 9.042
252 252 2 9.38944
262 262 2 11.5604
272 272 2 13.0499
282 282 2 15.144
292 292 2 16.1677
302 302 2 19.8585
