2 2 16 2.40787
12 12 2 0.956713
22 22 2 0.883597
32 32 2 0.896996
42 42 2 1.13674
52 52 2 0.958802
62 62 2 1.05396
72 72 2 1.14879
82 82 2 1.24135
92 92 2 1.35318
102 102 2 1.43321
112 112 2 1.67308
122 122 2 1.751
132 132 2 1.90926
142 142 2 1.97511
152 152 2 2.10174
162 162 2 2.37003
172 172 2 2.32718
182 182 2 2.70952
192 192 2 3.08088
202 202 2 3.20877
212 212 2 3.79081
222 222 2 3.75467
232 232 2 4.15884
242 242 2 5.07431
252 252 2 5.21264
262 262 2 6.06603
272 272 2 6.3937
282 282 2 7.39145
292 292 2 7.95795
302 302 2 8.57248
