2 2 16 7.80135
12 12 2 1.47536
22 22 2 1.37959
32 32 2 1.46363
42 42 2 1.59808
52 52 2 1.3615
62 62 2 1.65758
72 72 2 2.05753
82 82 2 1.87407
92 92 2 1.95333
102 102 2 2.09782
112 112 2 2.19678
122 122 2 2.80562
132 132 2 2.37639
142 142 2 2.67684
152 152 2 2.64386
162 162 2 2.66948
172 172 2 3.1578
182 182 2 2.8745
192 192 2 3.18178
202 202 2 3.19901
212 212 2 3.53761
222 222 2 3.46924
232 232 2 3.81321
242 242 2 4.0212
252 252 2 3.87458
262 262 2 4.64396
272 272 2 4.90788
282 282 2 5.12337
292 292 2 5.32179
302 302 2 5.52018
