2 2 16 5.86325
12 12 2 1.07997
22 22 2 1.29107
32 32 2 1.28689
42 42 2 1.16284
52 52 2 1.25343
62 62 2 1.72959
72 72 2 1.76993
82 82 2 1.62708
92 92 2 1.72201
102 102 2 2.21302
112 112 2 1.87166
122 122 2 2.27757
132 132 2 2.1894
142 142 2 2.17497
152 152 2 2.43559
162 162 2 2.71836
172 172 2 2.83828
182 182 2 2.89253
192 192 2 2.88441
202 202 2 3.21044
212 212 2 3.29347
222 222 2 3.88966
232 232 2 4.26014
242 242 2 4.29868
252 252 2 4.69707
262 262 2 5.11302
272 272 2 5.746
282 282 2 5.93474
292 292 2 6.41341
302 302 2 6.95084
