2 2 16 7.76884
12 12 2 1.36464
22 22 2 1.48028
32 32 2 1.4793
42 42 2 2.17553
52 52 2 2.02373
62 62 2 1.79925
72 72 2 2.28151
82 82 2 2.19306
92 92 2 2.14807
102 102 2 2.70048
112 112 2 2.23987
122 122 2 2.31918
132 132 2 2.49557
142 142 2 2.4343
152 152 2 2.81343
162 162 2 2.82402
172 172 2 2.69488
182 182 2 2.97246
192 192 2 3.40213
202 202 2 3.23263
212 212 2 3.15609
222 222 2 3.28082
232 232 2 3.42876
242 242 2 3.97203
252 252 2 3.97035
262 262 2 4.02519
272 272 2 4.13146
282 282 2 4.85292
292 292 2 5.25673
302 302 2 5.25285
